<?xml version="1.0" encoding="UTF-8"?>
<!-- Generated by org.testng.reporters.JUnitXMLReporter -->
<testsuite hostname="DESKTOP-NRNE4DI" ignored="0" name="Default test" tests="4" failures="0" timestamp="07 Sep 2018 10:52:46 GMT" time="60.909" errors="0">
  <testcase name="LoginFailwithUsername" time="17.4" classname="testCaseDetails.TC002_LoginWrongUsername"/>
  <testcase name="LoginFailwithUsername" time="12.756" classname="testCaseDetails.TC002_LoginWrongUsername"/>
  <testcase name="LoginFailwithUsername" time="15.616" classname="testCaseDetails.TC002_LoginWrongUsername"/>
  <testcase name="LoginFailwithUsername" time="14.449" classname="testCaseDetails.TC002_LoginWrongUsername"/>
</testsuite> <!-- Default test -->
